<?xml version="1.0" encoding="UTF-8"?>
<!-- Generated by org.testng.reporters.JUnitXMLReporter -->
<testsuite ignored="14" hostname="Rajitha6303" failures="3" tests="3" name="Test" time="0.122" errors="0" timestamp="2026-03-27T19:50:35 IST">
  <testcase classname="com.example.DemoProject.Adactin_LoginPage" name="validLogin" time="0.032">
    <failure type="java.lang.NullPointerException" message="Cannot invoke &amp;quot;org.openqa.selenium.WebDriver.findElement(org.openqa.selenium.By)&amp;quot; because &amp;quot;this.driver&amp;quot; is null">
      <![CDATA[java.lang.NullPointerException: Cannot invoke "org.openqa.selenium.WebDriver.findElement(org.openqa.selenium.By)" because "this.driver" is null
at com.example.DemoProject.Adactin_LoginPage.validLogin(Adactin_LoginPage.java:28)
at java.base/java.util.ArrayList.forEach(ArrayList.java:1511)
... Removed 25 stack frames]]>
    </failure>
  </testcase> <!-- validLogin -->
  <testcase classname="com.example.DemoProject.Adactin_Search_Hotel" name="searchWithInvalidData" time="0.003">
    <failure type="java.lang.NullPointerException" message="Cannot invoke &amp;quot;org.openqa.selenium.WebDriver.findElement(org.openqa.selenium.By)&amp;quot; because &amp;quot;this.driver&amp;quot; is null">
      <![CDATA[java.lang.NullPointerException: Cannot invoke "org.openqa.selenium.WebDriver.findElement(org.openqa.selenium.By)" because "this.driver" is null
at com.example.DemoProject.Adactin_Search_Hotel.LoginPage(Adactin_Search_Hotel.java:32)
at com.example.DemoProject.Adactin_Search_Hotel.searchWithInvalidData(Adactin_Search_Hotel.java:109)
at java.base/java.util.ArrayList.forEach(ArrayList.java:1511)
... Removed 25 stack frames]]>
    </failure>
  </testcase> <!-- searchWithInvalidData -->
  <testcase classname="com.example.DemoProject.Adactin_SelectHotel" name="selectHotel" time="0.005">
    <failure type="java.lang.NullPointerException" message="Cannot invoke &amp;quot;org.openqa.selenium.WebDriver.findElement(org.openqa.selenium.By)&amp;quot; because &amp;quot;this.driver&amp;quot; is null">
      <![CDATA[java.lang.NullPointerException: Cannot invoke "org.openqa.selenium.WebDriver.findElement(org.openqa.selenium.By)" because "this.driver" is null
at com.example.DemoProject.Adactin_SelectHotel.LoginPage(Adactin_SelectHotel.java:31)
at com.example.DemoProject.Adactin_SelectHotel.selectHotel(Adactin_SelectHotel.java:100)
at java.base/java.util.ArrayList.forEach(ArrayList.java:1511)
... Removed 25 stack frames]]>
    </failure>
  </testcase> <!-- selectHotel -->
  <testcase classname="com.example.DemoProject.Adactin_Search_Hotel" name="searchWithMissingData" time="0.0">
    <ignored/>
  </testcase> <!-- searchWithMissingData -->
  <testcase classname="com.example.DemoProject.Adactin_BookHotel" name="Empty_Mandatory_Fields" time="0.0">
    <ignored/>
  </testcase> <!-- Empty_Mandatory_Fields -->
  <testcase classname="com.example.DemoProject.Adactin_BookHotel" name="Invalid_Credit_Card" time="0.0">
    <ignored/>
  </testcase> <!-- Invalid_Credit_Card -->
  <testcase classname="com.example.DemoProject.Adactin_LoginPage" name="empty_Username" time="0.0">
    <ignored/>
  </testcase> <!-- empty_Username -->
  <testcase classname="com.example.DemoProject.Adactin_LoginPage" name="empty_Password" time="0.0">
    <ignored/>
  </testcase> <!-- empty_Password -->
  <testcase classname="com.example.DemoProject.Adactin_E2E" name="completeBookingFlow" time="0.0">
    <ignored/>
  </testcase> <!-- completeBookingFlow -->
  <testcase classname="com.example.DemoProject.Adactin_Search_Hotel" name="searchWithValidData" time="0.0">
    <ignored/>
  </testcase> <!-- searchWithValidData -->
  <testcase classname="com.example.DemoProject.Adactin_SelectHotel" name="selectHotelWithoutRadioButtonSelection" time="0.0">
    <ignored/>
  </testcase> <!-- selectHotelWithoutRadioButtonSelection -->
  <testcase classname="com.example.DemoProject.Adactin_Cancel_Booking" name="Cancel_Booking" time="0.0">
    <ignored/>
  </testcase> <!-- Cancel_Booking -->
  <testcase classname="com.example.DemoProject.Adactin_BookHotel" name="bookHotel" time="0.0">
    <ignored/>
  </testcase> <!-- bookHotel -->
  <testcase classname="com.example.DemoProject.Adactin_LoginPage" name="invalidLogin" time="0.0">
    <ignored/>
  </testcase> <!-- invalidLogin -->
  <testcase classname="com.example.DemoProject.Adactin_Booking_Confirmation" name="Verify_Order_ID" time="0.0">
    <ignored/>
  </testcase> <!-- Verify_Order_ID -->
  <testcase classname="com.example.DemoProject.Adactin_Cancel_Booking" name="Cancel_Without_Selection" time="0.0">
    <ignored/>
  </testcase> <!-- Cancel_Without_Selection -->
  <testcase classname="com.example.DemoProject.Adactin_Booking_Confirmation" name="Navigate_to_Itinerary" time="0.0">
    <ignored/>
  </testcase> <!-- Navigate_to_Itinerary -->
</testsuite> <!-- Test -->
