<?xml version="1.0" encoding="UTF-8"?>
<!-- Generated by org.testng.reporters.JUnitXMLReporter -->
<testsuite ignored="0" hostname="Rajitha6303" failures="0" tests="5" name="Default test" time="10.025" errors="0" timestamp="2026-05-07T11:30:29 IST">
  <testcase classname="adactin.Hotel.test.Adactin_LoginTest" name="loginTest" time="1.737"/>
  <testcase classname="adactin.Hotel.test.Adactin_LoginTest" name="loginTest" time="1.762"/>
  <testcase classname="adactin.Hotel.test.Adactin_LoginTest" name="loginTest" time="1.962"/>
  <testcase classname="adactin.Hotel.test.Adactin_LoginTest" name="loginTest" time="1.974"/>
  <testcase classname="adactin.Hotel.test.Adactin_LoginTest" name="loginTest" time="1.45"/>
</testsuite> <!-- Default test -->
