<?xml version="1.0" encoding="UTF-8"?>
<!-- Generated by org.testng.reporters.JUnitXMLReporter -->
<testsuite ignored="0" hostname="Rajitha6303" failures="3" tests="5" name="Test" time="13.009" errors="0" timestamp="2026-03-29T10:54:43 IST">
  <testcase classname="adactin.Hotel.test.Adactin_LoginTest" name="loginTest" time="0.486">
    <failure type="java.lang.AssertionError" message="expected [Adactin.com - Search Hotel] but found [Adactin.com - Hotel Reservation System]">
      <![CDATA[java.lang.AssertionError: expected [Adactin.com - Search Hotel] but found [Adactin.com - Hotel Reservation System]
at adactin.Hotel.test.Adactin_LoginTest.loginTest(Adactin_LoginTest.java:32)
at java.base/java.util.ArrayList.forEach(ArrayList.java:1511)
... Removed 31 stack frames]]>
    </failure>
  </testcase> <!-- loginTest -->
  <testcase classname="adactin.Hotel.test.Adactin_LoginTest" name="loginTest" time="0.372">
    <failure type="org.openqa.selenium.StaleElementReferenceException" message="stale element reference: stale element not found
  (Session info: chrome=146.0.7680.165)
For documentation on this error, please visit: https://www.selenium.dev/documentation/webdriver/troubleshooting/errors#staleelementreferenceexception
Build info: version: &amp;apos;4.38.0&amp;apos;, revision: &amp;apos;6b412e825c*&amp;apos;
System info: os.name: &amp;apos;Windows 11&amp;apos;, os.arch: &amp;apos;amd64&amp;apos;, os.version: &amp;apos;10.0&amp;apos;, java.version: &amp;apos;19.0.2&amp;apos;
Driver info: org.openqa.selenium.chrome.ChromeDriver
Command: [282c0a9f7a2b355e452d207e0c4c7dbb, getElementText {id=f.EAF6D43F2B3270491DC6B1051D26B1C1.d.78CA3F896FE31140832E6228920D6266.e.36}]
Capabilities {acceptInsecureCerts: false, browserName: chrome, browserVersion: 146.0.7680.165, chrome: {chromedriverVersion: 146.0.7680.165 (4b989da09e1..., userDataDir: C:\Users\rajit\AppData\Loca...}, fedcm:accounts: true, goog:chromeOptions: {debuggerAddress: localhost:59512}, goog:processID: 24864, networkConnectionEnabled: false, pageLoadStrategy: normal, platformName: windows, proxy: Proxy(), se:cdp: ws://localhost:59512/devtoo..., se:cdpVersion: 146.0.7680.165, setWindowRect: true, strictFileInteractability: false, timeouts: {implicit: 0, pageLoad: 300000, script: 30000}, unhandledPromptBehavior: dismiss and notify, webauthn:extension:credBlob: true, webauthn:extension:largeBlob: true, webauthn:extension:minPinLength: true, webauthn:extension:prf: true, webauthn:virtualAuthenticators: true}
Element: [[ChromeDriver: chrome on windows (282c0a9f7a2b355e452d207e0c4c7dbb)] -&amp;gt; class name: auth_error]
Session ID: 282c0a9f7a2b355e452d207e0c4c7dbb">
      <![CDATA[org.openqa.selenium.StaleElementReferenceException: stale element reference: stale element not found
  (Session info: chrome=146.0.7680.165)
For documentation on this error, please visit: https://www.selenium.dev/documentation/webdriver/troubleshooting/errors#staleelementreferenceexception
Build info: version: '4.38.0', revision: '6b412e825c*'
System info: os.name: 'Windows 11', os.arch: 'amd64', os.version: '10.0', java.version: '19.0.2'
Driver info: org.openqa.selenium.chrome.ChromeDriver
Command: [282c0a9f7a2b355e452d207e0c4c7dbb, getElementText {id=f.EAF6D43F2B3270491DC6B1051D26B1C1.d.78CA3F896FE31140832E6228920D6266.e.36}]
Capabilities {acceptInsecureCerts: false, browserName: chrome, browserVersion: 146.0.7680.165, chrome: {chromedriverVersion: 146.0.7680.165 (4b989da09e1..., userDataDir: C:\Users\rajit\AppData\Loca...}, fedcm:accounts: true, goog:chromeOptions: {debuggerAddress: localhost:59512}, goog:processID: 24864, networkConnectionEnabled: false, pageLoadStrategy: normal, platformName: windows, proxy: Proxy(), se:cdp: ws://localhost:59512/devtoo..., se:cdpVersion: 146.0.7680.165, setWindowRect: true, strictFileInteractability: false, timeouts: {implicit: 0, pageLoad: 300000, script: 30000}, unhandledPromptBehavior: dismiss and notify, webauthn:extension:credBlob: true, webauthn:extension:largeBlob: true, webauthn:extension:minPinLength: true, webauthn:extension:prf: true, webauthn:virtualAuthenticators: true}
Element: [[ChromeDriver: chrome on windows (282c0a9f7a2b355e452d207e0c4c7dbb)] -> class name: auth_error]
Session ID: 282c0a9f7a2b355e452d207e0c4c7dbb
at org.openqa.selenium.remote.ErrorCodec.decode(ErrorCodec.java:167)
at org.openqa.selenium.remote.codec.w3c.W3CHttpResponseCodec.decode(W3CHttpResponseCodec.java:138)
at org.openqa.selenium.remote.codec.w3c.W3CHttpResponseCodec.decode(W3CHttpResponseCodec.java:50)
at org.openqa.selenium.remote.HttpCommandExecutor.execute(HttpCommandExecutor.java:215)
at org.openqa.selenium.remote.service.DriverCommandExecutor.invokeExecute(DriverCommandExecutor.java:216)
at org.openqa.selenium.remote.service.DriverCommandExecutor.execute(DriverCommandExecutor.java:174)
at org.openqa.selenium.remote.RemoteWebDriver.execute(RemoteWebDriver.java:557)
at org.openqa.selenium.remote.RemoteWebElement.execute(RemoteWebElement.java:223)
at org.openqa.selenium.remote.RemoteWebElement.getText(RemoteWebElement.java:191)
at org.openqa.selenium.support.pagefactory.internal.LocatingElementHandler.invoke(LocatingElementHandler.java:51)
at jdk.proxy2/jdk.proxy2.$Proxy16.getText(Unknown Source)
at adactin.Hotel.PageObject.LoginPage.getInvalidLoginError(LoginPage.java:68)
at adactin.Hotel.test.Adactin_LoginTest.loginTest(Adactin_LoginTest.java:37)
at java.base/java.util.ArrayList.forEach(ArrayList.java:1511)
... Removed 30 stack frames]]>
    </failure>
  </testcase> <!-- loginTest -->
  <testcase classname="adactin.Hotel.test.Adactin_LoginTest" name="loginTest" time="0.137"/>
  <testcase classname="adactin.Hotel.test.Adactin_LoginTest" name="loginTest" time="0.165"/>
  <testcase classname="adactin.Hotel.test.Adactin_LoginTest" name="loginTest" time="0.165">
    <failure type="java.lang.AssertionError" message="expected [Enter Password] but found []">
      <![CDATA[java.lang.AssertionError: expected [Enter Password] but found []
at adactin.Hotel.test.Adactin_LoginTest.loginTest(Adactin_LoginTest.java:50)
at java.base/java.util.ArrayList.forEach(ArrayList.java:1511)
... Removed 31 stack frames]]>
    </failure>
  </testcase> <!-- loginTest -->
</testsuite> <!-- Test -->
