<?xml version="1.0" encoding="UTF-8"?>
<testng-results ignored="0" total="15" passed="15" failed="0" skipped="0">
  <reporter-output>
  </reporter-output>
  <suite started-at="2026-05-06T20:45:51 IST" name="CrossBrowserSuite" finished-at="2026-05-06T20:47:42 IST" duration-ms="111368">
    <groups>
    </groups>
    <test started-at="2026-05-06T20:45:51 IST" name="ChromeTest" finished-at="2026-05-06T20:47:01 IST" duration-ms="70085">
      <class name="adactin.Hotel.test.Adactin_LoginTest">
        <test-method is-config="true" signature="launchApplication(java.lang.String)[pri:0, instance:adactin.Hotel.test.Adactin_LoginTest@7dcf94f8]" started-at="2026-05-06T20:45:51 IST" name="launchApplication" finished-at="2026-05-06T20:45:57 IST" duration-ms="6078" status="PASS">
          <params>
            <param index="0">
              <value>
                <![CDATA[chrome]]>
              </value>
            </param>
          </params>
          <reporter-output>
          </reporter-output>
        </test-method> <!-- launchApplication -->
        <test-method signature="loginTest(java.util.HashMap)[pri:0, instance:adactin.Hotel.test.Adactin_LoginTest@7dcf94f8]" started-at="2026-05-06T20:45:57 IST" name="loginTest" data-provider="loginData" finished-at="2026-05-06T20:46:04 IST" duration-ms="6344" status="PASS">
          <params>
            <param index="0">
              <value>
                <![CDATA[{type=valid, password=6NRW30, username=rajitha1234567}]]>
              </value>
            </param>
          </params>
          <reporter-output>
          </reporter-output>
        </test-method> <!-- loginTest -->
        <test-method is-config="true" signature="tearDown()[pri:0, instance:adactin.Hotel.test.Adactin_LoginTest@7dcf94f8]" started-at="2026-05-06T20:46:04 IST" name="tearDown" finished-at="2026-05-06T20:46:08 IST" duration-ms="4604" status="PASS">
          <reporter-output>
          </reporter-output>
        </test-method> <!-- tearDown -->
        <test-method is-config="true" signature="launchApplication(java.lang.String)[pri:0, instance:adactin.Hotel.test.Adactin_LoginTest@7dcf94f8]" started-at="2026-05-06T20:46:08 IST" name="launchApplication" finished-at="2026-05-06T20:46:12 IST" duration-ms="3550" status="PASS">
          <params>
            <param index="0">
              <value>
                <![CDATA[chrome]]>
              </value>
            </param>
          </params>
          <reporter-output>
          </reporter-output>
        </test-method> <!-- launchApplication -->
        <test-method signature="loginTest(java.util.HashMap)[pri:0, instance:adactin.Hotel.test.Adactin_LoginTest@7dcf94f8]" started-at="2026-05-06T20:46:12 IST" name="loginTest" data-provider="loginData" finished-at="2026-05-06T20:46:22 IST" duration-ms="10211" status="PASS">
          <params>
            <param index="0">
              <value>
                <![CDATA[{type=invalid, password=6N0, username=rajith34567}]]>
              </value>
            </param>
          </params>
          <reporter-output>
          </reporter-output>
        </test-method> <!-- loginTest -->
        <test-method is-config="true" signature="tearDown()[pri:0, instance:adactin.Hotel.test.Adactin_LoginTest@7dcf94f8]" started-at="2026-05-06T20:46:22 IST" name="tearDown" finished-at="2026-05-06T20:46:24 IST" duration-ms="2063" status="PASS">
          <reporter-output>
          </reporter-output>
        </test-method> <!-- tearDown -->
        <test-method is-config="true" signature="launchApplication(java.lang.String)[pri:0, instance:adactin.Hotel.test.Adactin_LoginTest@7dcf94f8]" started-at="2026-05-06T20:46:24 IST" name="launchApplication" finished-at="2026-05-06T20:46:29 IST" duration-ms="4587" status="PASS">
          <params>
            <param index="0">
              <value>
                <![CDATA[chrome]]>
              </value>
            </param>
          </params>
          <reporter-output>
          </reporter-output>
        </test-method> <!-- launchApplication -->
        <test-method signature="loginTest(java.util.HashMap)[pri:0, instance:adactin.Hotel.test.Adactin_LoginTest@7dcf94f8]" started-at="2026-05-06T20:46:29 IST" name="loginTest" data-provider="loginData" finished-at="2026-05-06T20:46:31 IST" duration-ms="2184" status="PASS">
          <params>
            <param index="0">
              <value>
                <![CDATA[{type=emptyuser, password=6NRW30, username=}]]>
              </value>
            </param>
          </params>
          <reporter-output>
          </reporter-output>
        </test-method> <!-- loginTest -->
        <test-method is-config="true" signature="tearDown()[pri:0, instance:adactin.Hotel.test.Adactin_LoginTest@7dcf94f8]" started-at="2026-05-06T20:46:31 IST" name="tearDown" finished-at="2026-05-06T20:46:34 IST" duration-ms="2736" status="PASS">
          <reporter-output>
          </reporter-output>
        </test-method> <!-- tearDown -->
        <test-method is-config="true" signature="launchApplication(java.lang.String)[pri:0, instance:adactin.Hotel.test.Adactin_LoginTest@7dcf94f8]" started-at="2026-05-06T20:46:34 IST" name="launchApplication" finished-at="2026-05-06T20:46:48 IST" duration-ms="14069" status="PASS">
          <params>
            <param index="0">
              <value>
                <![CDATA[chrome]]>
              </value>
            </param>
          </params>
          <reporter-output>
          </reporter-output>
        </test-method> <!-- launchApplication -->
        <test-method signature="loginTest(java.util.HashMap)[pri:0, instance:adactin.Hotel.test.Adactin_LoginTest@7dcf94f8]" started-at="2026-05-06T20:46:48 IST" name="loginTest" data-provider="loginData" finished-at="2026-05-06T20:46:50 IST" duration-ms="2311" status="PASS">
          <params>
            <param index="0">
              <value>
                <![CDATA[{type=emptypass, password=, username=rajitha1234567}]]>
              </value>
            </param>
          </params>
          <reporter-output>
          </reporter-output>
        </test-method> <!-- loginTest -->
        <test-method is-config="true" signature="tearDown()[pri:0, instance:adactin.Hotel.test.Adactin_LoginTest@7dcf94f8]" started-at="2026-05-06T20:46:50 IST" name="tearDown" finished-at="2026-05-06T20:46:52 IST" duration-ms="1809" status="PASS">
          <reporter-output>
          </reporter-output>
        </test-method> <!-- tearDown -->
        <test-method is-config="true" signature="launchApplication(java.lang.String)[pri:0, instance:adactin.Hotel.test.Adactin_LoginTest@7dcf94f8]" started-at="2026-05-06T20:46:52 IST" name="launchApplication" finished-at="2026-05-06T20:46:55 IST" duration-ms="3518" status="PASS">
          <params>
            <param index="0">
              <value>
                <![CDATA[chrome]]>
              </value>
            </param>
          </params>
          <reporter-output>
          </reporter-output>
        </test-method> <!-- launchApplication -->
        <test-method signature="loginTest(java.util.HashMap)[pri:0, instance:adactin.Hotel.test.Adactin_LoginTest@7dcf94f8]" started-at="2026-05-06T20:46:55 IST" name="loginTest" data-provider="loginData" finished-at="2026-05-06T20:46:57 IST" duration-ms="1675" status="PASS">
          <params>
            <param index="0">
              <value>
                <![CDATA[{type=emptyboth, password=, username=}]]>
              </value>
            </param>
          </params>
          <reporter-output>
          </reporter-output>
        </test-method> <!-- loginTest -->
        <test-method is-config="true" signature="tearDown()[pri:0, instance:adactin.Hotel.test.Adactin_LoginTest@7dcf94f8]" started-at="2026-05-06T20:46:57 IST" name="tearDown" finished-at="2026-05-06T20:47:01 IST" duration-ms="3729" status="PASS">
          <reporter-output>
          </reporter-output>
        </test-method> <!-- tearDown -->
      </class> <!-- adactin.Hotel.test.Adactin_LoginTest -->
    </test> <!-- ChromeTest -->
    <test started-at="2026-05-06T20:45:51 IST" name="EdgeTest" finished-at="2026-05-06T20:47:03 IST" duration-ms="71738">
      <class name="adactin.Hotel.test.Adactin_LoginTest">
        <test-method is-config="true" signature="launchApplication(java.lang.String)[pri:0, instance:adactin.Hotel.test.Adactin_LoginTest@1190200a]" started-at="2026-05-06T20:45:51 IST" name="launchApplication" finished-at="2026-05-06T20:45:58 IST" duration-ms="6929" status="PASS">
          <params>
            <param index="0">
              <value>
                <![CDATA[edge]]>
              </value>
            </param>
          </params>
          <reporter-output>
          </reporter-output>
        </test-method> <!-- launchApplication -->
        <test-method signature="loginTest(java.util.HashMap)[pri:0, instance:adactin.Hotel.test.Adactin_LoginTest@1190200a]" started-at="2026-05-06T20:45:58 IST" name="loginTest" data-provider="loginData" finished-at="2026-05-06T20:46:04 IST" duration-ms="5513" status="PASS">
          <params>
            <param index="0">
              <value>
                <![CDATA[{type=valid, password=6NRW30, username=rajitha1234567}]]>
              </value>
            </param>
          </params>
          <reporter-output>
          </reporter-output>
        </test-method> <!-- loginTest -->
        <test-method is-config="true" signature="tearDown()[pri:0, instance:adactin.Hotel.test.Adactin_LoginTest@1190200a]" started-at="2026-05-06T20:46:04 IST" name="tearDown" finished-at="2026-05-06T20:46:10 IST" duration-ms="6122" status="PASS">
          <reporter-output>
          </reporter-output>
        </test-method> <!-- tearDown -->
        <test-method is-config="true" signature="launchApplication(java.lang.String)[pri:0, instance:adactin.Hotel.test.Adactin_LoginTest@1190200a]" started-at="2026-05-06T20:46:10 IST" name="launchApplication" finished-at="2026-05-06T20:46:18 IST" duration-ms="7882" status="PASS">
          <params>
            <param index="0">
              <value>
                <![CDATA[edge]]>
              </value>
            </param>
          </params>
          <reporter-output>
          </reporter-output>
        </test-method> <!-- launchApplication -->
        <test-method signature="loginTest(java.util.HashMap)[pri:0, instance:adactin.Hotel.test.Adactin_LoginTest@1190200a]" started-at="2026-05-06T20:46:18 IST" name="loginTest" data-provider="loginData" finished-at="2026-05-06T20:46:27 IST" duration-ms="9254" status="PASS">
          <params>
            <param index="0">
              <value>
                <![CDATA[{type=invalid, password=6N0, username=rajith34567}]]>
              </value>
            </param>
          </params>
          <reporter-output>
          </reporter-output>
        </test-method> <!-- loginTest -->
        <test-method is-config="true" signature="tearDown()[pri:0, instance:adactin.Hotel.test.Adactin_LoginTest@1190200a]" started-at="2026-05-06T20:46:27 IST" name="tearDown" finished-at="2026-05-06T20:46:31 IST" duration-ms="4376" status="PASS">
          <reporter-output>
          </reporter-output>
        </test-method> <!-- tearDown -->
        <test-method is-config="true" signature="launchApplication(java.lang.String)[pri:0, instance:adactin.Hotel.test.Adactin_LoginTest@1190200a]" started-at="2026-05-06T20:46:31 IST" name="launchApplication" finished-at="2026-05-06T20:46:37 IST" duration-ms="5371" status="PASS">
          <params>
            <param index="0">
              <value>
                <![CDATA[edge]]>
              </value>
            </param>
          </params>
          <reporter-output>
          </reporter-output>
        </test-method> <!-- launchApplication -->
        <test-method signature="loginTest(java.util.HashMap)[pri:0, instance:adactin.Hotel.test.Adactin_LoginTest@1190200a]" started-at="2026-05-06T20:46:37 IST" name="loginTest" data-provider="loginData" finished-at="2026-05-06T20:46:44 IST" duration-ms="7566" status="PASS">
          <params>
            <param index="0">
              <value>
                <![CDATA[{type=emptyuser, password=6NRW30, username=}]]>
              </value>
            </param>
          </params>
          <reporter-output>
          </reporter-output>
        </test-method> <!-- loginTest -->
        <test-method is-config="true" signature="tearDown()[pri:0, instance:adactin.Hotel.test.Adactin_LoginTest@1190200a]" started-at="2026-05-06T20:46:44 IST" name="tearDown" finished-at="2026-05-06T20:46:46 IST" duration-ms="1819" status="PASS">
          <reporter-output>
          </reporter-output>
        </test-method> <!-- tearDown -->
        <test-method is-config="true" signature="launchApplication(java.lang.String)[pri:0, instance:adactin.Hotel.test.Adactin_LoginTest@1190200a]" started-at="2026-05-06T20:46:46 IST" name="launchApplication" finished-at="2026-05-06T20:46:53 IST" duration-ms="6596" status="PASS">
          <params>
            <param index="0">
              <value>
                <![CDATA[edge]]>
              </value>
            </param>
          </params>
          <reporter-output>
          </reporter-output>
        </test-method> <!-- launchApplication -->
        <test-method signature="loginTest(java.util.HashMap)[pri:0, instance:adactin.Hotel.test.Adactin_LoginTest@1190200a]" started-at="2026-05-06T20:46:53 IST" name="loginTest" data-provider="loginData" finished-at="2026-05-06T20:46:55 IST" duration-ms="2147" status="PASS">
          <params>
            <param index="0">
              <value>
                <![CDATA[{type=emptypass, password=, username=rajitha1234567}]]>
              </value>
            </param>
          </params>
          <reporter-output>
          </reporter-output>
        </test-method> <!-- loginTest -->
        <test-method is-config="true" signature="tearDown()[pri:0, instance:adactin.Hotel.test.Adactin_LoginTest@1190200a]" started-at="2026-05-06T20:46:55 IST" name="tearDown" finished-at="2026-05-06T20:46:57 IST" duration-ms="1793" status="PASS">
          <reporter-output>
          </reporter-output>
        </test-method> <!-- tearDown -->
        <test-method is-config="true" signature="launchApplication(java.lang.String)[pri:0, instance:adactin.Hotel.test.Adactin_LoginTest@1190200a]" started-at="2026-05-06T20:46:57 IST" name="launchApplication" finished-at="2026-05-06T20:47:01 IST" duration-ms="4273" status="PASS">
          <params>
            <param index="0">
              <value>
                <![CDATA[edge]]>
              </value>
            </param>
          </params>
          <reporter-output>
          </reporter-output>
        </test-method> <!-- launchApplication -->
        <test-method signature="loginTest(java.util.HashMap)[pri:0, instance:adactin.Hotel.test.Adactin_LoginTest@1190200a]" started-at="2026-05-06T20:47:01 IST" name="loginTest" data-provider="loginData" finished-at="2026-05-06T20:47:02 IST" duration-ms="1093" status="PASS">
          <params>
            <param index="0">
              <value>
                <![CDATA[{type=emptyboth, password=, username=}]]>
              </value>
            </param>
          </params>
          <reporter-output>
          </reporter-output>
        </test-method> <!-- loginTest -->
        <test-method is-config="true" signature="tearDown()[pri:0, instance:adactin.Hotel.test.Adactin_LoginTest@1190200a]" started-at="2026-05-06T20:47:02 IST" name="tearDown" finished-at="2026-05-06T20:47:03 IST" duration-ms="565" status="PASS">
          <reporter-output>
          </reporter-output>
        </test-method> <!-- tearDown -->
      </class> <!-- adactin.Hotel.test.Adactin_LoginTest -->
    </test> <!-- EdgeTest -->
    <test started-at="2026-05-06T20:45:51 IST" name="FirefoxTest" finished-at="2026-05-06T20:47:42 IST" duration-ms="111368">
      <class name="adactin.Hotel.test.Adactin_LoginTest">
        <test-method is-config="true" signature="launchApplication(java.lang.String)[pri:0, instance:adactin.Hotel.test.Adactin_LoginTest@45b4c3a9]" started-at="2026-05-06T20:45:51 IST" name="launchApplication" finished-at="2026-05-06T20:46:41 IST" duration-ms="49403" status="PASS">
          <params>
            <param index="0">
              <value>
                <![CDATA[firefox]]>
              </value>
            </param>
          </params>
          <reporter-output>
          </reporter-output>
        </test-method> <!-- launchApplication -->
        <test-method signature="loginTest(java.util.HashMap)[pri:0, instance:adactin.Hotel.test.Adactin_LoginTest@45b4c3a9]" started-at="2026-05-06T20:46:41 IST" name="loginTest" data-provider="loginData" finished-at="2026-05-06T20:46:44 IST" duration-ms="3056" status="PASS">
          <params>
            <param index="0">
              <value>
                <![CDATA[{type=valid, password=6NRW30, username=rajitha1234567}]]>
              </value>
            </param>
          </params>
          <reporter-output>
          </reporter-output>
        </test-method> <!-- loginTest -->
        <test-method is-config="true" signature="tearDown()[pri:0, instance:adactin.Hotel.test.Adactin_LoginTest@45b4c3a9]" started-at="2026-05-06T20:46:44 IST" name="tearDown" finished-at="2026-05-06T20:46:47 IST" duration-ms="3572" status="PASS">
          <reporter-output>
          </reporter-output>
        </test-method> <!-- tearDown -->
        <test-method is-config="true" signature="launchApplication(java.lang.String)[pri:0, instance:adactin.Hotel.test.Adactin_LoginTest@45b4c3a9]" started-at="2026-05-06T20:46:47 IST" name="launchApplication" finished-at="2026-05-06T20:47:07 IST" duration-ms="19548" status="PASS">
          <params>
            <param index="0">
              <value>
                <![CDATA[firefox]]>
              </value>
            </param>
          </params>
          <reporter-output>
          </reporter-output>
        </test-method> <!-- launchApplication -->
        <test-method signature="loginTest(java.util.HashMap)[pri:0, instance:adactin.Hotel.test.Adactin_LoginTest@45b4c3a9]" started-at="2026-05-06T20:47:07 IST" name="loginTest" data-provider="loginData" finished-at="2026-05-06T20:47:08 IST" duration-ms="1391" status="PASS">
          <params>
            <param index="0">
              <value>
                <![CDATA[{type=invalid, password=6N0, username=rajith34567}]]>
              </value>
            </param>
          </params>
          <reporter-output>
          </reporter-output>
        </test-method> <!-- loginTest -->
        <test-method is-config="true" signature="tearDown()[pri:0, instance:adactin.Hotel.test.Adactin_LoginTest@45b4c3a9]" started-at="2026-05-06T20:47:08 IST" name="tearDown" finished-at="2026-05-06T20:47:11 IST" duration-ms="2267" status="PASS">
          <reporter-output>
          </reporter-output>
        </test-method> <!-- tearDown -->
        <test-method is-config="true" signature="launchApplication(java.lang.String)[pri:0, instance:adactin.Hotel.test.Adactin_LoginTest@45b4c3a9]" started-at="2026-05-06T20:47:11 IST" name="launchApplication" finished-at="2026-05-06T20:47:20 IST" duration-ms="9538" status="PASS">
          <params>
            <param index="0">
              <value>
                <![CDATA[firefox]]>
              </value>
            </param>
          </params>
          <reporter-output>
          </reporter-output>
        </test-method> <!-- launchApplication -->
        <test-method signature="loginTest(java.util.HashMap)[pri:0, instance:adactin.Hotel.test.Adactin_LoginTest@45b4c3a9]" started-at="2026-05-06T20:47:20 IST" name="loginTest" data-provider="loginData" finished-at="2026-05-06T20:47:21 IST" duration-ms="441" status="PASS">
          <params>
            <param index="0">
              <value>
                <![CDATA[{type=emptyuser, password=6NRW30, username=}]]>
              </value>
            </param>
          </params>
          <reporter-output>
          </reporter-output>
        </test-method> <!-- loginTest -->
        <test-method is-config="true" signature="tearDown()[pri:0, instance:adactin.Hotel.test.Adactin_LoginTest@45b4c3a9]" started-at="2026-05-06T20:47:21 IST" name="tearDown" finished-at="2026-05-06T20:47:22 IST" duration-ms="1765" status="PASS">
          <reporter-output>
          </reporter-output>
        </test-method> <!-- tearDown -->
        <test-method is-config="true" signature="launchApplication(java.lang.String)[pri:0, instance:adactin.Hotel.test.Adactin_LoginTest@45b4c3a9]" started-at="2026-05-06T20:47:22 IST" name="launchApplication" finished-at="2026-05-06T20:47:31 IST" duration-ms="8624" status="PASS">
          <params>
            <param index="0">
              <value>
                <![CDATA[firefox]]>
              </value>
            </param>
          </params>
          <reporter-output>
          </reporter-output>
        </test-method> <!-- launchApplication -->
        <test-method signature="loginTest(java.util.HashMap)[pri:0, instance:adactin.Hotel.test.Adactin_LoginTest@45b4c3a9]" started-at="2026-05-06T20:47:31 IST" name="loginTest" data-provider="loginData" finished-at="2026-05-06T20:47:31 IST" duration-ms="466" status="PASS">
          <params>
            <param index="0">
              <value>
                <![CDATA[{type=emptypass, password=, username=rajitha1234567}]]>
              </value>
            </param>
          </params>
          <reporter-output>
          </reporter-output>
        </test-method> <!-- loginTest -->
        <test-method is-config="true" signature="tearDown()[pri:0, instance:adactin.Hotel.test.Adactin_LoginTest@45b4c3a9]" started-at="2026-05-06T20:47:31 IST" name="tearDown" finished-at="2026-05-06T20:47:33 IST" duration-ms="1528" status="PASS">
          <reporter-output>
          </reporter-output>
        </test-method> <!-- tearDown -->
        <test-method is-config="true" signature="launchApplication(java.lang.String)[pri:0, instance:adactin.Hotel.test.Adactin_LoginTest@45b4c3a9]" started-at="2026-05-06T20:47:33 IST" name="launchApplication" finished-at="2026-05-06T20:47:40 IST" duration-ms="6616" status="PASS">
          <params>
            <param index="0">
              <value>
                <![CDATA[firefox]]>
              </value>
            </param>
          </params>
          <reporter-output>
          </reporter-output>
        </test-method> <!-- launchApplication -->
        <test-method signature="loginTest(java.util.HashMap)[pri:0, instance:adactin.Hotel.test.Adactin_LoginTest@45b4c3a9]" started-at="2026-05-06T20:47:40 IST" name="loginTest" data-provider="loginData" finished-at="2026-05-06T20:47:41 IST" duration-ms="1260" status="PASS">
          <params>
            <param index="0">
              <value>
                <![CDATA[{type=emptyboth, password=, username=}]]>
              </value>
            </param>
          </params>
          <reporter-output>
          </reporter-output>
        </test-method> <!-- loginTest -->
        <test-method is-config="true" signature="tearDown()[pri:0, instance:adactin.Hotel.test.Adactin_LoginTest@45b4c3a9]" started-at="2026-05-06T20:47:41 IST" name="tearDown" finished-at="2026-05-06T20:47:42 IST" duration-ms="1516" status="PASS">
          <reporter-output>
          </reporter-output>
        </test-method> <!-- tearDown -->
      </class> <!-- adactin.Hotel.test.Adactin_LoginTest -->
    </test> <!-- FirefoxTest -->
  </suite> <!-- CrossBrowserSuite -->
</testng-results>
