<?xml version="1.0" encoding="UTF-8"?>
<!-- Generated by org.testng.reporters.JUnitReportReporter -->
<testsuite hostname="Rajitha6303" failures="0" tests="5" name="com.example.DemoProject.Adactin_LoginPage" time="27.945" errors="0" timestamp="2026-03-28T11:17:14 IST" skipped="0">
  <testcase classname="com.example.DemoProject.Adactin_LoginPage" name="loginTest" time="5.575"/>
  <testcase classname="com.example.DemoProject.Adactin_LoginPage" name="loginTest" time="6.220"/>
  <testcase classname="com.example.DemoProject.Adactin_LoginPage" name="loginTest" time="5.044"/>
  <testcase classname="com.example.DemoProject.Adactin_LoginPage" name="loginTest" time="5.767"/>
  <testcase classname="com.example.DemoProject.Adactin_LoginPage" name="loginTest" time="5.339"/>
</testsuite> <!-- com.example.DemoProject.Adactin_LoginPage -->
