<?xml version="1.0" encoding="UTF-8"?>
<!-- Generated by org.testng.reporters.JUnitReportReporter -->
<testsuite hostname="Rajitha6303" failures="0" tests="2" name="adactin.Hotel.test.Adactin_SelectHotelTest" time="16.397" errors="0" timestamp="2026-03-28T22:04:12 IST" skipped="0">
  <testcase classname="adactin.Hotel.test.Adactin_SelectHotelTest" name="selectHotelTest" time="7.010"/>
  <testcase classname="adactin.Hotel.test.Adactin_SelectHotelTest" name="selectHotelTest" time="9.387"/>
</testsuite> <!-- adactin.Hotel.test.Adactin_SelectHotelTest -->
