<?xml version="1.0" encoding="UTF-8"?>
<!-- Generated by org.testng.reporters.JUnitReportReporter -->
<testsuite hostname="Rajitha6303" failures="0" tests="15" name="adactin.Hotel.test.Adactin_LoginTest" time="233.034" errors="0" timestamp="2026-05-07T11:44:55 IST" skipped="0">
  <testcase classname="adactin.Hotel.test.Adactin_LoginTest" name="loginTest" time="37.725"/>
  <testcase classname="adactin.Hotel.test.Adactin_LoginTest" name="loginTest" time="12.970"/>
  <testcase classname="adactin.Hotel.test.Adactin_LoginTest" name="loginTest" time="12.601"/>
  <testcase classname="adactin.Hotel.test.Adactin_LoginTest" name="loginTest" time="15.921"/>
  <testcase classname="adactin.Hotel.test.Adactin_LoginTest" name="loginTest" time="10.245"/>
  <testcase classname="adactin.Hotel.test.Adactin_LoginTest" name="loginTest" time="15.034"/>
  <testcase classname="adactin.Hotel.test.Adactin_LoginTest" name="loginTest" time="16.268"/>
  <testcase classname="adactin.Hotel.test.Adactin_LoginTest" name="loginTest" time="16.653"/>
  <testcase classname="adactin.Hotel.test.Adactin_LoginTest" name="loginTest" time="20.951"/>
  <testcase classname="adactin.Hotel.test.Adactin_LoginTest" name="loginTest" time="14.782"/>
  <testcase classname="adactin.Hotel.test.Adactin_LoginTest" name="loginTest" time="11.745"/>
  <testcase classname="adactin.Hotel.test.Adactin_LoginTest" name="loginTest" time="8.917"/>
  <testcase classname="adactin.Hotel.test.Adactin_LoginTest" name="loginTest" time="13.950"/>
  <testcase classname="adactin.Hotel.test.Adactin_LoginTest" name="loginTest" time="13.523"/>
  <testcase classname="adactin.Hotel.test.Adactin_LoginTest" name="loginTest" time="11.749"/>
</testsuite> <!-- adactin.Hotel.test.Adactin_LoginTest -->
