<?xml version="1.0" encoding="UTF-8"?>
<!-- Generated by org.testng.reporters.JUnitReportReporter -->
<testsuite hostname="Rajitha6303" failures="0" tests="3" name="com.example.DemoProject.Adactin_BookHotel" time="44.335" errors="0" timestamp="2026-03-27T19:59:21 IST" skipped="0">
  <testcase classname="com.example.DemoProject.Adactin_BookHotel" name="bookHotel" time="20.013"/>
  <testcase classname="com.example.DemoProject.Adactin_BookHotel" name="Invalid_Credit_Card" time="12.712"/>
  <testcase classname="com.example.DemoProject.Adactin_BookHotel" name="Empty_Mandatory_Fields" time="11.610"/>
</testsuite> <!-- com.example.DemoProject.Adactin_BookHotel -->
