<?xml version="1.0" encoding="UTF-8"?>
<!-- Generated by org.testng.reporters.JUnitReportReporter -->
<testsuite hostname="Rajitha6303" failures="0" tests="2" name="com.example.DemoProject.Adactin_Cancel_Booking" time="56.072" errors="0" timestamp="2026-03-27T19:59:21 IST" skipped="0">
  <testcase classname="com.example.DemoProject.Adactin_Cancel_Booking" name="Cancel_Without_Selection" time="26.844"/>
  <testcase classname="com.example.DemoProject.Adactin_Cancel_Booking" name="Cancel_Booking" time="29.228"/>
</testsuite> <!-- com.example.DemoProject.Adactin_Cancel_Booking -->
