<?xml version="1.0" encoding="UTF-8"?>
<!-- Generated by org.testng.reporters.JUnitReportReporter -->
<testsuite hostname="Rajitha6303" failures="0" tests="2" name="adactin.Hotel.test.BookingConfirmationTest" time="63.622" errors="0" timestamp="2026-03-28T22:16:44 IST" skipped="0">
  <testcase classname="adactin.Hotel.test.BookingConfirmationTest" name="bookingConfirmationTest" time="16.767"/>
  <testcase classname="adactin.Hotel.test.BookingConfirmationTest" name="bookingConfirmationTest" time="46.855"/>
</testsuite> <!-- adactin.Hotel.test.BookingConfirmationTest -->
