<?xml version="1.0" encoding="UTF-8"?>
<!-- Generated by org.testng.reporters.JUnitReportReporter -->
<testsuite hostname="Rajitha6303" failures="0" tests="3" name="adactin.Hotel.test.Adactin_BookHotel" time="31.938" errors="0" timestamp="2026-03-28T22:08:07 IST" skipped="0">
  <testcase classname="adactin.Hotel.test.Adactin_BookHotel" name="bookHotelTest" time="15.426"/>
  <testcase classname="adactin.Hotel.test.Adactin_BookHotel" name="bookHotelTest" time="8.407"/>
  <testcase classname="adactin.Hotel.test.Adactin_BookHotel" name="bookHotelTest" time="8.105"/>
</testsuite> <!-- adactin.Hotel.test.Adactin_BookHotel -->
