<?xml version="1.0" encoding="UTF-8"?>
<!-- Generated by org.testng.reporters.JUnitReportReporter -->
<testsuite hostname="Rajitha6303" failures="0" tests="3" name="adactin.Hotel.test.Adactin_SearchHotelTest" time="21.278" errors="0" timestamp="2026-03-28T21:49:32 IST" skipped="0">
  <testcase classname="adactin.Hotel.test.Adactin_SearchHotelTest" name="searchHotelTest" time="7.878"/>
  <testcase classname="adactin.Hotel.test.Adactin_SearchHotelTest" name="searchHotelTest" time="7.328"/>
  <testcase classname="adactin.Hotel.test.Adactin_SearchHotelTest" name="searchHotelTest" time="6.072"/>
</testsuite> <!-- adactin.Hotel.test.Adactin_SearchHotelTest -->
