<?xml version="1.0" encoding="UTF-8"?>
<!-- Generated by org.testng.reporters.JUnitReportReporter -->
<testsuite hostname="Rajitha6303" failures="0" tests="2" name="adactin.Hotel.test.CancelBooking_Test" time="77.753" errors="0" timestamp="2026-03-28T22:32:19 IST" skipped="0">
  <testcase classname="adactin.Hotel.test.CancelBooking_Test" name="cancelBookingTest" time="33.628"/>
  <testcase classname="adactin.Hotel.test.CancelBooking_Test" name="cancelBookingTest" time="44.125"/>
</testsuite> <!-- adactin.Hotel.test.CancelBooking_Test -->
