<?xml version="1.0" encoding="UTF-8"?>
<!-- Generated by org.testng.reporters.JUnitReportReporter -->
<testsuite hostname="Rajitha6303" failures="0" tests="2" name="adactin.Hotel.test.Adactin_E2E" time="57.494" errors="0" timestamp="2026-03-29T10:21:25 IST" skipped="0">
  <testcase classname="adactin.Hotel.test.Adactin_E2E" name="bookAndCancelHotel" time="30.159"/>
  <testcase classname="adactin.Hotel.test.Adactin_E2E" name="bookAndCancelHotel" time="27.335"/>
</testsuite> <!-- adactin.Hotel.test.Adactin_E2E -->
