<?xml version="1.0" encoding="UTF-8"?>
<!-- Generated by org.testng.reporters.JUnitReportReporter -->
<testsuite hostname="Rajitha6303" failures="0" tests="2" name="com.example.DemoProject.Adactin_Booking_Confirmation" time="53.744" errors="0" timestamp="2026-03-27T19:59:21 IST" skipped="0">
  <testcase classname="com.example.DemoProject.Adactin_Booking_Confirmation" name="Verify_Order_ID" time="18.177"/>
  <testcase classname="com.example.DemoProject.Adactin_Booking_Confirmation" name="Navigate_to_Itinerary" time="35.567"/>
</testsuite> <!-- com.example.DemoProject.Adactin_Booking_Confirmation -->
