<?xml version="1.0" encoding="UTF-8"?>
<!-- Generated by org.testng.reporters.JUnitReportReporter -->
<testsuite hostname="Rajitha6303" failures="0" tests="15" name="adactin.Hotel.test.Adactin_LoginTest" time="251.758" errors="0" timestamp="2026-05-06T20:47:43 IST" skipped="0">
  <testcase classname="adactin.Hotel.test.Adactin_LoginTest" name="loginTest" time="10.325"/>
  <testcase classname="adactin.Hotel.test.Adactin_LoginTest" name="loginTest" time="15.260"/>
  <testcase classname="adactin.Hotel.test.Adactin_LoginTest" name="loginTest" time="18.929"/>
  <testcase classname="adactin.Hotel.test.Adactin_LoginTest" name="loginTest" time="13.587"/>
  <testcase classname="adactin.Hotel.test.Adactin_LoginTest" name="loginTest" time="9.841"/>
  <testcase classname="adactin.Hotel.test.Adactin_LoginTest" name="loginTest" time="28.884"/>
  <testcase classname="adactin.Hotel.test.Adactin_LoginTest" name="loginTest" time="7.002"/>
  <testcase classname="adactin.Hotel.test.Adactin_LoginTest" name="loginTest" time="52.136"/>
  <testcase classname="adactin.Hotel.test.Adactin_LoginTest" name="loginTest" time="8.597"/>
  <testcase classname="adactin.Hotel.test.Adactin_LoginTest" name="loginTest" time="22.324"/>
  <testcase classname="adactin.Hotel.test.Adactin_LoginTest" name="loginTest" time="11.744"/>
  <testcase classname="adactin.Hotel.test.Adactin_LoginTest" name="loginTest" time="17.961"/>
  <testcase classname="adactin.Hotel.test.Adactin_LoginTest" name="loginTest" time="9.308"/>
  <testcase classname="adactin.Hotel.test.Adactin_LoginTest" name="loginTest" time="11.200"/>
  <testcase classname="adactin.Hotel.test.Adactin_LoginTest" name="loginTest" time="14.660"/>
</testsuite> <!-- adactin.Hotel.test.Adactin_LoginTest -->
