<?xml version="1.0" encoding="UTF-8"?>
<!-- Generated by org.testng.reporters.JUnitXMLReporter -->
<testsuite ignored="0" hostname="Rajitha6303" failures="0" tests="5" name="ChromeTest" time="67.893" errors="0" timestamp="2026-05-07T11:44:25 IST">
  <testcase classname="adactin.Hotel.test.Adactin_LoginTest" name="loginTest" time="5.012"/>
  <testcase classname="adactin.Hotel.test.Adactin_LoginTest" name="loginTest" time="8.112"/>
  <testcase classname="adactin.Hotel.test.Adactin_LoginTest" name="loginTest" time="4.948"/>
  <testcase classname="adactin.Hotel.test.Adactin_LoginTest" name="loginTest" time="3.547"/>
  <testcase classname="adactin.Hotel.test.Adactin_LoginTest" name="loginTest" time="5.689"/>
</testsuite> <!-- ChromeTest -->
