<?xml version="1.0" encoding="UTF-8"?>
<!-- Generated by org.testng.reporters.JUnitXMLReporter -->
<testsuite ignored="0" hostname="Rajitha6303" failures="0" tests="5" name="ChromeTest" time="70.085" errors="0" timestamp="2026-05-06T20:47:01 IST">
  <testcase classname="adactin.Hotel.test.Adactin_LoginTest" name="loginTest" time="6.344"/>
  <testcase classname="adactin.Hotel.test.Adactin_LoginTest" name="loginTest" time="10.211"/>
  <testcase classname="adactin.Hotel.test.Adactin_LoginTest" name="loginTest" time="2.184"/>
  <testcase classname="adactin.Hotel.test.Adactin_LoginTest" name="loginTest" time="2.311"/>
  <testcase classname="adactin.Hotel.test.Adactin_LoginTest" name="loginTest" time="1.675"/>
</testsuite> <!-- ChromeTest -->
