<?xml version="1.0" encoding="UTF-8"?>
<!-- Generated by org.testng.reporters.JUnitXMLReporter -->
<testsuite ignored="0" hostname="Rajitha6303" failures="0" tests="5" name="EdgeTest" time="71.738" errors="0" timestamp="2026-05-06T20:47:03 IST">
  <testcase classname="adactin.Hotel.test.Adactin_LoginTest" name="loginTest" time="5.513"/>
  <testcase classname="adactin.Hotel.test.Adactin_LoginTest" name="loginTest" time="9.254"/>
  <testcase classname="adactin.Hotel.test.Adactin_LoginTest" name="loginTest" time="7.566"/>
  <testcase classname="adactin.Hotel.test.Adactin_LoginTest" name="loginTest" time="2.147"/>
  <testcase classname="adactin.Hotel.test.Adactin_LoginTest" name="loginTest" time="1.093"/>
</testsuite> <!-- EdgeTest -->
