<?xml version="1.0" encoding="UTF-8"?>
<!-- Generated by org.testng.reporters.JUnitXMLReporter -->
<testsuite ignored="0" hostname="Rajitha6303" failures="0" tests="5" name="EdgeTest" time="68.975" errors="0" timestamp="2026-05-07T11:44:26 IST">
  <testcase classname="adactin.Hotel.test.Adactin_LoginTest" name="loginTest" time="4.709"/>
  <testcase classname="adactin.Hotel.test.Adactin_LoginTest" name="loginTest" time="4.564"/>
  <testcase classname="adactin.Hotel.test.Adactin_LoginTest" name="loginTest" time="3.067"/>
  <testcase classname="adactin.Hotel.test.Adactin_LoginTest" name="loginTest" time="1.716"/>
  <testcase classname="adactin.Hotel.test.Adactin_LoginTest" name="loginTest" time="0.869"/>
</testsuite> <!-- EdgeTest -->
