<?xml version="1.0" encoding="UTF-8"?>
<!-- Generated by org.testng.reporters.JUnitXMLReporter -->
<testsuite ignored="0" hostname="Rajitha6303" failures="0" tests="5" name="FirefoxTest" time="111.368" errors="0" timestamp="2026-05-06T20:47:42 IST">
  <testcase classname="adactin.Hotel.test.Adactin_LoginTest" name="loginTest" time="3.056"/>
  <testcase classname="adactin.Hotel.test.Adactin_LoginTest" name="loginTest" time="1.391"/>
  <testcase classname="adactin.Hotel.test.Adactin_LoginTest" name="loginTest" time="0.441"/>
  <testcase classname="adactin.Hotel.test.Adactin_LoginTest" name="loginTest" time="0.466"/>
  <testcase classname="adactin.Hotel.test.Adactin_LoginTest" name="loginTest" time="1.26"/>
</testsuite> <!-- FirefoxTest -->
