<?xml version="1.0" encoding="UTF-8"?>
<!-- Generated by org.testng.reporters.JUnitXMLReporter -->
<testsuite ignored="0" hostname="Rajitha6303" failures="0" tests="5" name="FirefoxTest" time="97.253" errors="0" timestamp="2026-05-07T11:44:54 IST">
  <testcase classname="adactin.Hotel.test.Adactin_LoginTest" name="loginTest" time="4.447"/>
  <testcase classname="adactin.Hotel.test.Adactin_LoginTest" name="loginTest" time="2.638"/>
  <testcase classname="adactin.Hotel.test.Adactin_LoginTest" name="loginTest" time="0.304"/>
  <testcase classname="adactin.Hotel.test.Adactin_LoginTest" name="loginTest" time="0.287"/>
  <testcase classname="adactin.Hotel.test.Adactin_LoginTest" name="loginTest" time="0.29"/>
</testsuite> <!-- FirefoxTest -->
